<?xml version="1.0" encoding="UTF-8"?>
<!-- Generated by org.testng.reporters.JUnitReportReporter -->
<testsuite skipped="0" hostname="LAPTOP-ECT4FC1G" name="com.slack.assignment.testScripts.slackAutomationTask" tests="1" failures="0" timestamp="2022-02-10T12:10:41 EST" time="36.420" errors="0">
  <testcase name="slackAssignmentTask" time="36.420" classname="com.slack.assignment.testScripts.slackAutomationTask"/>
  <system-out/>
</testsuite> <!-- com.slack.assignment.testScripts.slackAutomationTask -->
